============================= test session starts =============================
platform win32 -- Python 3.13.5, pytest-9.0.2, pluggy-1.6.0
rootdir: C:\xampp\htdocs\3F
plugins: anyio-4.12.1, asyncio-1.3.0
asyncio: mode=Mode.STRICT, debug=False, asyncio_default_fixture_loop_scope=None, asyncio_default_test_loop_scope=function
collected 5 items

backend\tests\test_accounts_api.py ..                                    [ 40%]
backend\tests\test_transactions_api.py ...                               [100%]

============================== warnings summary ===============================
..\..\..\Users\flagd\AppData\Roaming\Python\Python313\site-packages\requests\__init__.py:113
  C:\Users\flagd\AppData\Roaming\Python\Python313\site-packages\requests\__init__.py:113: RequestsDependencyWarning: urllib3 (2.6.3) or chardet (7.0.1)/charset_normalizer (3.4.4) doesn't match a supported version!
    warnings.warn(

backend\core\ia_engine.py:10
  C:\xampp\htdocs\3F\backend\core\ia_engine.py:10: FutureWarning: 
  
  All support for the `google.generativeai` package has ended. It will no longer be receiving 
  updates or bug fixes. Please switch to the `google.genai` package as soon as possible.
  See README for more details:
  
  https://github.com/google-gemini/deprecated-generative-ai-python/blob/main/README.md
  
    import google.generativeai as genai

backend\core\config.py:51
  C:\xampp\htdocs\3F\backend\core\config.py:51: PydanticDeprecatedSince20: Pydantic V1 style `@validator` validators are deprecated. You should migrate to Pydantic V2 style `@field_validator` validators, see the migration guide for more details. Deprecated in Pydantic V2.0 to be removed in V3.0. See Pydantic V2 Migration Guide at https://errors.pydantic.dev/2.12/migration/
    @validator("DATABASE_URL")

backend\core\config.py:61
  C:\xampp\htdocs\3F\backend\core\config.py:61: PydanticDeprecatedSince20: Pydantic V1 style `@validator` validators are deprecated. You should migrate to Pydantic V2 style `@field_validator` validators, see the migration guide for more details. Deprecated in Pydantic V2.0 to be removed in V3.0. See Pydantic V2 Migration Guide at https://errors.pydantic.dev/2.12/migration/
    @validator("ENVIRONMENT")

backend\core\config.py:69
  C:\xampp\htdocs\3F\backend\core\config.py:69: PydanticDeprecatedSince20: Pydantic V1 style `@validator` validators are deprecated. You should migrate to Pydantic V2 style `@field_validator` validators, see the migration guide for more details. Deprecated in Pydantic V2.0 to be removed in V3.0. See Pydantic V2 Migration Guide at https://errors.pydantic.dev/2.12/migration/
    @validator("SECRET_KEY")

backend\core\config.py:78
  C:\xampp\htdocs\3F\backend\core\config.py:78: PydanticDeprecatedSince20: Pydantic V1 style `@validator` validators are deprecated. You should migrate to Pydantic V2 style `@field_validator` validators, see the migration guide for more details. Deprecated in Pydantic V2.0 to be removed in V3.0. See Pydantic V2 Migration Guide at https://errors.pydantic.dev/2.12/migration/
    @validator("CORS_ORIGINS", pre=True)

backend\api\auth\schemas.py:20
  C:\xampp\htdocs\3F\backend\api\auth\schemas.py:20: PydanticDeprecatedSince20: Support for class-based `config` is deprecated, use ConfigDict instead. Deprecated in Pydantic V2.0 to be removed in V3.0. See Pydantic V2 Migration Guide at https://errors.pydantic.dev/2.12/migration/
    class UserRead(BaseModel):

backend\api\auth\schemas.py:33
  C:\xampp\htdocs\3F\backend\api\auth\schemas.py:33: PydanticDeprecatedSince20: Support for class-based `config` is deprecated, use ConfigDict instead. Deprecated in Pydantic V2.0 to be removed in V3.0. See Pydantic V2 Migration Guide at https://errors.pydantic.dev/2.12/migration/
    class ProfileRead(BaseModel):

backend/tests/test_accounts_api.py: 14 warnings
backend/tests/test_transactions_api.py: 54 warnings
  C:\Users\flagd\AppData\Roaming\Python\Python313\site-packages\pydantic\fields.py:747: DeprecationWarning: datetime.datetime.utcnow() is deprecated and scheduled for removal in a future version. Use timezone-aware objects to represent datetimes in UTC: datetime.datetime.now(datetime.UTC).
    return fac()

-- Docs: https://docs.pytest.org/en/stable/how-to/capture-warnings.html
======================= 5 passed, 76 warnings in 0.27s ========================

