============================= test session starts =============================
platform win32 -- Python 3.14.3, pytest-9.0.2, pluggy-1.6.0 -- C:\Users\flagd\AppData\Local\Programs\Python\Python314\python.exe
cachedir: .pytest_cache
rootdir: C:\xampp\htdocs\3F\backend
plugins: anyio-4.12.1, asyncio-1.3.0
asyncio: mode=Mode.STRICT, debug=False, asyncio_default_fixture_loop_scope=None, asyncio_default_test_loop_scope=function
collecting ... collected 3 items

tests/test_transactions_api.py::test_create_transaction_integration ERROR [ 33%]
tests/test_transactions_api.py::test_list_transactions_paginated ERROR   [ 66%]
tests/test_transactions_api.py::test_delete_transaction ERROR            [100%]

=================================== ERRORS ====================================
____________ ERROR at setup of test_create_transaction_integration ____________
C:\Users\flagd\AppData\Local\Programs\Python\Python314\Lib\site-packages\pytest_asyncio\plugin.py:728: in pytest_fixture_setup
    return (yield)
            ^^^^^
tests\conftest.py:17: in session_fixture
    from backend.models import models, models_config, models_extended, models_advanced, models_plugins
models\models_plugins.py:5: in <module>
    class Plugin(SQLModel, table=True):
C:\Users\flagd\AppData\Local\Programs\Python\Python314\Lib\site-packages\sqlmodel\main.py:682: in __init__
    DeclarativeMeta.__init__(cls, classname, bases, dict_, **kw)
C:\Users\flagd\AppData\Local\Programs\Python\Python314\Lib\site-packages\sqlalchemy\orm\decl_api.py:199: in __init__
    _as_declarative(reg, cls, dict_)
C:\Users\flagd\AppData\Local\Programs\Python\Python314\Lib\site-packages\sqlalchemy\orm\decl_base.py:245: in _as_declarative
    return _MapperConfig.setup_mapping(registry, cls, dict_, None, {})
           ^^^^^^^^^^^^^^^^^^^^^^^^^^^^^^^^^^^^^^^^^^^^^^^^^^^^^^^^^^^
C:\Users\flagd\AppData\Local\Programs\Python\Python314\Lib\site-packages\sqlalchemy\orm\decl_base.py:326: in setup_mapping
    return _ClassScanMapperConfig(
C:\Users\flagd\AppData\Local\Programs\Python\Python314\Lib\site-packages\sqlalchemy\orm\decl_base.py:577: in __init__
    self._setup_table(table)
C:\Users\flagd\AppData\Local\Programs\Python\Python314\Lib\site-packages\sqlalchemy\orm\decl_base.py:1762: in _setup_table
    table_cls(
C:\Users\flagd\AppData\Local\Programs\Python\Python314\Lib\site-packages\sqlalchemy\util\deprecations.py:281: in warned
    return fn(*args, **kwargs)  # type: ignore[no-any-return]
           ^^^^^^^^^^^^^^^^^^^
C:\Users\flagd\AppData\Local\Programs\Python\Python314\Lib\site-packages\sqlalchemy\sql\schema.py:429: in __new__
    return cls._new(*args, **kw)
           ^^^^^^^^^^^^^^^^^^^^^
C:\Users\flagd\AppData\Local\Programs\Python\Python314\Lib\site-packages\sqlalchemy\sql\schema.py:461: in _new
    raise exc.InvalidRequestError(
E   sqlalchemy.exc.InvalidRequestError: Table 'plugins' is already defined for this MetaData instance.  Specify 'extend_existing=True' to redefine options and columns on an existing Table object.
_____________ ERROR at setup of test_list_transactions_paginated ______________
C:\Users\flagd\AppData\Local\Programs\Python\Python314\Lib\site-packages\pytest_asyncio\plugin.py:728: in pytest_fixture_setup
    return (yield)
            ^^^^^
tests\conftest.py:17: in session_fixture
    from backend.models import models, models_config, models_extended, models_advanced, models_plugins
models\models_plugins.py:5: in <module>
    class Plugin(SQLModel, table=True):
C:\Users\flagd\AppData\Local\Programs\Python\Python314\Lib\site-packages\sqlmodel\main.py:682: in __init__
    DeclarativeMeta.__init__(cls, classname, bases, dict_, **kw)
C:\Users\flagd\AppData\Local\Programs\Python\Python314\Lib\site-packages\sqlalchemy\orm\decl_api.py:199: in __init__
    _as_declarative(reg, cls, dict_)
C:\Users\flagd\AppData\Local\Programs\Python\Python314\Lib\site-packages\sqlalchemy\orm\decl_base.py:245: in _as_declarative
    return _MapperConfig.setup_mapping(registry, cls, dict_, None, {})
           ^^^^^^^^^^^^^^^^^^^^^^^^^^^^^^^^^^^^^^^^^^^^^^^^^^^^^^^^^^^
C:\Users\flagd\AppData\Local\Programs\Python\Python314\Lib\site-packages\sqlalchemy\orm\decl_base.py:326: in setup_mapping
    return _ClassScanMapperConfig(
C:\Users\flagd\AppData\Local\Programs\Python\Python314\Lib\site-packages\sqlalchemy\orm\decl_base.py:577: in __init__
    self._setup_table(table)
C:\Users\flagd\AppData\Local\Programs\Python\Python314\Lib\site-packages\sqlalchemy\orm\decl_base.py:1762: in _setup_table
    table_cls(
C:\Users\flagd\AppData\Local\Programs\Python\Python314\Lib\site-packages\sqlalchemy\util\deprecations.py:281: in warned
    return fn(*args, **kwargs)  # type: ignore[no-any-return]
           ^^^^^^^^^^^^^^^^^^^
C:\Users\flagd\AppData\Local\Programs\Python\Python314\Lib\site-packages\sqlalchemy\sql\schema.py:429: in __new__
    return cls._new(*args, **kw)
           ^^^^^^^^^^^^^^^^^^^^^
C:\Users\flagd\AppData\Local\Programs\Python\Python314\Lib\site-packages\sqlalchemy\sql\schema.py:461: in _new
    raise exc.InvalidRequestError(
E   sqlalchemy.exc.InvalidRequestError: Table 'plugins' is already defined for this MetaData instance.  Specify 'extend_existing=True' to redefine options and columns on an existing Table object.
__________________ ERROR at setup of test_delete_transaction __________________
C:\Users\flagd\AppData\Local\Programs\Python\Python314\Lib\site-packages\pytest_asyncio\plugin.py:728: in pytest_fixture_setup
    return (yield)
            ^^^^^
tests\conftest.py:17: in session_fixture
    from backend.models import models, models_config, models_extended, models_advanced, models_plugins
models\models_plugins.py:5: in <module>
    class Plugin(SQLModel, table=True):
C:\Users\flagd\AppData\Local\Programs\Python\Python314\Lib\site-packages\sqlmodel\main.py:682: in __init__
    DeclarativeMeta.__init__(cls, classname, bases, dict_, **kw)
C:\Users\flagd\AppData\Local\Programs\Python\Python314\Lib\site-packages\sqlalchemy\orm\decl_api.py:199: in __init__
    _as_declarative(reg, cls, dict_)
C:\Users\flagd\AppData\Local\Programs\Python\Python314\Lib\site-packages\sqlalchemy\orm\decl_base.py:245: in _as_declarative
    return _MapperConfig.setup_mapping(registry, cls, dict_, None, {})
           ^^^^^^^^^^^^^^^^^^^^^^^^^^^^^^^^^^^^^^^^^^^^^^^^^^^^^^^^^^^
C:\Users\flagd\AppData\Local\Programs\Python\Python314\Lib\site-packages\sqlalchemy\orm\decl_base.py:326: in setup_mapping
    return _ClassScanMapperConfig(
C:\Users\flagd\AppData\Local\Programs\Python\Python314\Lib\site-packages\sqlalchemy\orm\decl_base.py:577: in __init__
    self._setup_table(table)
C:\Users\flagd\AppData\Local\Programs\Python\Python314\Lib\site-packages\sqlalchemy\orm\decl_base.py:1762: in _setup_table
    table_cls(
C:\Users\flagd\AppData\Local\Programs\Python\Python314\Lib\site-packages\sqlalchemy\util\deprecations.py:281: in warned
    return fn(*args, **kwargs)  # type: ignore[no-any-return]
           ^^^^^^^^^^^^^^^^^^^
C:\Users\flagd\AppData\Local\Programs\Python\Python314\Lib\site-packages\sqlalchemy\sql\schema.py:429: in __new__
    return cls._new(*args, **kw)
           ^^^^^^^^^^^^^^^^^^^^^
C:\Users\flagd\AppData\Local\Programs\Python\Python314\Lib\site-packages\sqlalchemy\sql\schema.py:461: in _new
    raise exc.InvalidRequestError(
E   sqlalchemy.exc.InvalidRequestError: Table 'plugins' is already defined for this MetaData instance.  Specify 'extend_existing=True' to redefine options and columns on an existing Table object.
============================== warnings summary ===============================
core\config.py:51
  c:\xampp\htdocs\3F\backend\core\config.py:51: PydanticDeprecatedSince20: Pydantic V1 style `@validator` validators are deprecated. You should migrate to Pydantic V2 style `@field_validator` validators, see the migration guide for more details. Deprecated in Pydantic V2.0 to be removed in V3.0. See Pydantic V2 Migration Guide at https://errors.pydantic.dev/2.12/migration/
    @validator("DATABASE_URL")

core\config.py:61
  c:\xampp\htdocs\3F\backend\core\config.py:61: PydanticDeprecatedSince20: Pydantic V1 style `@validator` validators are deprecated. You should migrate to Pydantic V2 style `@field_validator` validators, see the migration guide for more details. Deprecated in Pydantic V2.0 to be removed in V3.0. See Pydantic V2 Migration Guide at https://errors.pydantic.dev/2.12/migration/
    @validator("ENVIRONMENT")

core\config.py:69
  c:\xampp\htdocs\3F\backend\core\config.py:69: PydanticDeprecatedSince20: Pydantic V1 style `@validator` validators are deprecated. You should migrate to Pydantic V2 style `@field_validator` validators, see the migration guide for more details. Deprecated in Pydantic V2.0 to be removed in V3.0. See Pydantic V2 Migration Guide at https://errors.pydantic.dev/2.12/migration/
    @validator("SECRET_KEY")

core\config.py:78
  c:\xampp\htdocs\3F\backend\core\config.py:78: PydanticDeprecatedSince20: Pydantic V1 style `@validator` validators are deprecated. You should migrate to Pydantic V2 style `@field_validator` validators, see the migration guide for more details. Deprecated in Pydantic V2.0 to be removed in V3.0. See Pydantic V2 Migration Guide at https://errors.pydantic.dev/2.12/migration/
    @validator("CORS_ORIGINS", pre=True)

api\auth\schemas.py:20
  c:\xampp\htdocs\3F\backend\api\auth\schemas.py:20: PydanticDeprecatedSince20: Support for class-based `config` is deprecated, use ConfigDict instead. Deprecated in Pydantic V2.0 to be removed in V3.0. See Pydantic V2 Migration Guide at https://errors.pydantic.dev/2.12/migration/
    class UserRead(BaseModel):

api\auth\schemas.py:33
  c:\xampp\htdocs\3F\backend\api\auth\schemas.py:33: PydanticDeprecatedSince20: Support for class-based `config` is deprecated, use ConfigDict instead. Deprecated in Pydantic V2.0 to be removed in V3.0. See Pydantic V2 Migration Guide at https://errors.pydantic.dev/2.12/migration/
    class ProfileRead(BaseModel):

tests/test_transactions_api.py::test_create_transaction_integration
  C:\Users\flagd\AppData\Local\Programs\Python\Python314\Lib\site-packages\sqlmodel\main.py:583: PydanticDeprecatedSince20: Support for class-based `config` is deprecated, use ConfigDict instead. Deprecated in Pydantic V2.0 to be removed in V3.0. See Pydantic V2 Migration Guide at https://errors.pydantic.dev/2.12/migration/
    "SQLModel", super().__new__(cls, name, bases, dict_used, **config_kwargs)

tests/test_transactions_api.py::test_list_transactions_paginated
tests/test_transactions_api.py::test_delete_transaction
  C:\Users\flagd\AppData\Local\Programs\Python\Python314\Lib\site-packages\sqlmodel\main.py:682: SAWarning: This declarative base already contains a class with the same class name and module name as backend.models.models_plugins.Plugin, and will be replaced in the string-lookup table.
    DeclarativeMeta.__init__(cls, classname, bases, dict_, **kw)

-- Docs: https://docs.pytest.org/en/stable/how-to/capture-warnings.html
=========================== short test summary info ===========================
ERROR tests/test_transactions_api.py::test_create_transaction_integration - s...
ERROR tests/test_transactions_api.py::test_list_transactions_paginated - sqla...
ERROR tests/test_transactions_api.py::test_delete_transaction - sqlalchemy.ex...
======================== 9 warnings, 3 errors in 1.12s ========================
